<?xml version="1.0" encoding="UTF-8"?>
<!-- Generated by org.testng.reporters.JUnitXMLReporter -->
<testsuite ignored="0" hostname="92352a2d13a9" failures="1" tests="2" name="flight-reservation-test" time="19.38" errors="0" timestamp="2024-03-09T13:41:23 GMT">
  <testcase classname="com.yenpractice.reservationflight.FlightReservationTest" name="test" time="8.168"/>
  <testcase classname="com.yenpractice.reservationflight.FlightReservationTest" name="testOtherCustomer" time="7.282">
    <failure type="java.lang.AssertionError" message="expected [$169 USD] but found [$1169 USD]">
      <![CDATA[java.lang.AssertionError: expected [$169 USD] but found [$1169 USD]
at com.yenpractice.reservationflight.BaseTest.checkEquals(BaseTest.java:106)
at com.yenpractice.reservationflight.BaseTest.verifyEquals(BaseTest.java:118)
at com.yenpractice.reservationflight.FlightReservationTest.testOtherCustomer(FlightReservationTest.java:89)
at java.base/java.util.ArrayList.forEach(ArrayList.java:1511)
at java.base/java.util.concurrent.FutureTask.run(FutureTask.java:264)
at java.base/java.util.concurrent.ThreadPoolExecutor.runWorker(ThreadPoolExecutor.java:1136)
at java.base/java.util.concurrent.ThreadPoolExecutor$Worker.run(ThreadPoolExecutor.java:635)
at java.base/java.lang.Thread.run(Thread.java:840)
... Removed 22 stack frames]]>
    </failure>
  </testcase> <!-- testOtherCustomer -->
</testsuite> <!-- flight-reservation-test -->
